<?xml version="1.0" encoding="UTF-8"?>
<!-- Generated by org.testng.reporters.JUnitReportReporter -->
<testsuite skipped="0" hostname="DESKTOP-ARH5PFA" name="com_ActiTime_Tests.ValidLoginLogoutTest" tests="1" failures="0" timestamp="09 Nov 2019 03:46:31 GMT" time="38.956" errors="0">
  <testcase name="ValidLoginLogout" time="38.956" classname="com_ActiTime_Tests.ValidLoginLogoutTest"/>
</testsuite> <!-- com_ActiTime_Tests.ValidLoginLogoutTest -->
